TN:
SF:src/modules/Heroes/services/CreateHeroClassService.ts
FN:7,(anonymous_17)
FN:8,CreateHeroClassService
FN:13,(anonymous_19)
FNF:3
FNH:3
FNDA:1,(anonymous_17)
FNDA:2,CreateHeroClassService
FNDA:3,(anonymous_19)
DA:1,1
DA:7,1
DA:10,2
DA:13,3
DA:14,3
DA:18,3
DA:19,1
DA:22,2
DA:23,2
DA:25,1
DA:27,1
LF:11
LH:11
BRDA:14,0,0,3
BRDA:18,1,0,1
BRDA:18,1,1,2
BRF:3
BRH:3
end_of_record
TN:
SF:src/modules/Heroes/services/CreateHeroService.ts
FN:8,(anonymous_17)
FN:9,CreateHeroService
FN:17,(anonymous_19)
FNF:3
FNH:3
FNDA:1,(anonymous_17)
FNDA:3,CreateHeroService
FNDA:4,(anonymous_19)
DA:1,1
DA:8,1
DA:11,3
DA:14,3
DA:17,1
DA:18,4
DA:19,4
DA:20,4
DA:21,4
DA:23,4
DA:24,4
DA:25,1
DA:28,3
DA:32,3
DA:33,1
DA:36,2
DA:37,2
DA:39,1
DA:41,1
LF:19
LH:19
BRDA:23,0,0,4
BRDA:24,1,0,1
BRDA:24,1,1,3
BRDA:32,2,0,1
BRDA:32,2,1,2
BRF:5
BRH:5
end_of_record
TN:
SF:src/modules/Heroes/services/ListHeroClassByIdService.ts
FN:7,(anonymous_17)
FN:8,ListHeroClassByIdService
FN:13,(anonymous_19)
FNF:3
FNH:3
FNDA:1,(anonymous_17)
FNDA:2,ListHeroClassByIdService
FNDA:2,(anonymous_19)
DA:1,1
DA:7,1
DA:10,2
DA:13,1
DA:14,2
DA:17,2
DA:18,0
DA:21,2
DA:23,1
DA:25,1
LF:10
LH:9
BRDA:17,0,0,0
BRDA:17,0,1,2
BRF:2
BRH:1
end_of_record
TN:
SF:src/modules/Heroes/services/ListHeroClassService.ts
FN:7,(anonymous_17)
FN:8,ListHeroClassService
FN:13,(anonymous_19)
FNF:3
FNH:3
FNDA:1,(anonymous_17)
FNDA:1,ListHeroClassService
FNDA:1,(anonymous_19)
DA:1,1
DA:7,1
DA:10,1
DA:13,1
DA:14,1
DA:16,1
DA:18,1
LF:7
LH:7
BRF:0
BRH:0
end_of_record
TN:
SF:src/modules/Heroes/services/ListHeroNearFromThreatService.ts
FN:18,(anonymous_20)
FN:19,ListHeroNearFromThreatService
FN:24,(anonymous_22)
FN:36,(anonymous_25)
FN:46,(anonymous_26)
FNF:5
FNH:5
FNDA:2,(anonymous_20)
FNDA:2,ListHeroNearFromThreatService
FNDA:2,(anonymous_22)
FNDA:4,(anonymous_25)
FNDA:2,(anonymous_26)
DA:1,2
DA:2,2
DA:5,2
DA:18,2
DA:21,2
DA:24,2
DA:25,2
DA:26,2
DA:27,2
DA:29,2
DA:30,2
DA:32,2
DA:33,0
DA:36,2
DA:37,4
DA:46,2
DA:47,2
DA:50,2
DA:52,2
DA:54,2
LF:20
LH:19
BRDA:32,0,0,0
BRDA:32,0,1,2
BRDA:47,1,0,2
BRDA:47,1,1,0
BRF:4
BRH:2
end_of_record
TN:
SF:src/modules/Heroes/services/ListHeroesService.ts
FN:7,(anonymous_17)
FN:8,ListHeroesService
FN:13,(anonymous_19)
FNF:3
FNH:3
FNDA:1,(anonymous_17)
FNDA:1,ListHeroesService
FNDA:1,(anonymous_19)
DA:1,1
DA:7,1
DA:10,1
DA:13,1
DA:14,1
DA:15,1
DA:17,1
DA:19,1
LF:8
LH:8
BRDA:14,0,0,1
BRF:1
BRH:1
end_of_record
TN:
SF:src/modules/Heroes/services/RemoveHeroService.ts
FN:7,(anonymous_18)
FN:8,RemoveHeroService
FN:13,(anonymous_20)
FNF:3
FNH:3
FNDA:1,(anonymous_18)
FNDA:2,RemoveHeroService
FNDA:2,(anonymous_20)
DA:1,1
DA:3,1
DA:7,1
DA:10,2
DA:13,1
DA:14,2
DA:16,2
DA:17,1
DA:20,1
DA:21,0
DA:26,2
DA:27,1
DA:29,1
DA:31,1
LF:14
LH:13
BRDA:14,0,0,2
BRDA:16,1,0,1
BRDA:16,1,1,1
BRDA:20,2,0,0
BRDA:20,2,1,1
BRDA:20,3,0,1
BRDA:20,3,1,0
BRF:7
BRH:5
end_of_record
TN:
SF:src/modules/Heroes/services/ShowHeroService.ts
FN:7,(anonymous_17)
FN:8,ShowHeroService
FN:13,(anonymous_19)
FNF:3
FNH:3
FNDA:1,(anonymous_17)
FNDA:1,ShowHeroService
FNDA:1,(anonymous_19)
DA:1,1
DA:7,1
DA:10,1
DA:13,1
DA:14,1
DA:15,1
DA:17,1
DA:19,1
LF:8
LH:8
BRDA:14,0,0,1
BRF:1
BRH:1
end_of_record
TN:
SF:src/modules/Heroes/services/UpdateHeroService.ts
FN:16,(anonymous_17)
FN:17,UpdateHeroService
FN:23,(anonymous_19)
FNF:3
FNH:3
FNDA:1,(anonymous_17)
FNDA:4,UpdateHeroService
FNDA:4,(anonymous_19)
DA:1,1
DA:16,1
DA:19,4
DA:21,4
DA:23,1
DA:24,4
DA:25,4
DA:26,4
DA:27,4
DA:28,4
DA:29,4
DA:31,4
DA:32,4
DA:33,1
DA:36,4
DA:37,2
DA:38,2
DA:39,1
DA:43,2
DA:44,2
DA:47,2
DA:48,1
DA:52,1
DA:54,1
DA:55,0
DA:56,0
DA:59,1
DA:60,1
DA:62,1
DA:64,1
DA:66,1
DA:68,1
LF:32
LH:30
BRDA:31,0,0,4
BRDA:32,1,0,1
BRDA:32,1,1,3
BRDA:36,2,0,1
BRDA:36,2,1,2
BRDA:38,3,0,1
BRDA:38,3,1,1
BRDA:38,4,0,2
BRDA:38,4,1,1
BRDA:43,5,0,0
BRDA:43,5,1,2
BRDA:47,6,0,1
BRDA:47,6,1,1
BRDA:54,7,0,0
BRDA:54,7,1,1
BRDA:54,8,0,1
BRDA:54,8,1,0
BRF:17
BRH:14
end_of_record
TN:
SF:src/modules/Threats/services/CreateThreatAlocateService.ts
FN:9,(anonymous_17)
FN:10,CreateThreatAlocateService
FN:19,(anonymous_19)
FNF:3
FNH:3
FNDA:1,(anonymous_17)
FNDA:1,CreateThreatAlocateService
FNDA:1,(anonymous_19)
DA:1,1
DA:9,1
DA:12,1
DA:14,1
DA:16,1
DA:19,1
DA:20,1
DA:21,1
DA:23,1
DA:24,1
DA:25,0
DA:28,1
DA:30,1
DA:31,0
DA:33,1
DA:37,1
DA:39,2
DA:41,1
DA:43,1
DA:44,1
LF:20
LH:18
BRDA:23,0,0,1
BRDA:24,1,0,0
BRDA:24,1,1,1
BRDA:30,2,0,0
BRDA:30,2,1,1
BRF:5
BRH:3
end_of_record
TN:
SF:src/modules/Threats/services/CreateThreatService.ts
FN:7,(anonymous_17)
FN:8,CreateThreatservice
FN:13,(anonymous_19)
FNF:3
FNH:3
FNDA:1,(anonymous_17)
FNDA:1,CreateThreatservice
FNDA:1,(anonymous_19)
DA:1,1
DA:7,1
DA:10,1
DA:13,1
DA:14,1
DA:15,1
DA:16,1
DA:17,1
DA:19,1
DA:26,1
DA:28,1
DA:30,1
LF:12
LH:12
BRDA:19,0,0,1
BRF:1
BRH:1
end_of_record
TN:
SF:src/modules/Threats/services/ListThreatsService.ts
FN:7,(anonymous_17)
FN:8,ListThreatsService
FN:13,(anonymous_19)
FNF:3
FNH:3
FNDA:1,(anonymous_17)
FNDA:1,ListThreatsService
FNDA:1,(anonymous_19)
DA:2,1
DA:7,1
DA:10,1
DA:13,1
DA:14,1
DA:16,1
DA:18,1
DA:20,1
LF:8
LH:8
BRDA:14,0,0,1
BRF:1
BRH:1
end_of_record
TN:
SF:src/modules/Threats/services/ListThreatsWithStatusService.ts
FN:8,(anonymous_17)
FN:9,ListThreatsWithStatusService
FN:14,(anonymous_19)
FNF:3
FNH:3
FNDA:1,(anonymous_17)
FNDA:1,ListThreatsWithStatusService
FNDA:1,(anonymous_19)
DA:1,1
DA:8,1
DA:11,1
DA:14,1
DA:15,1
DA:16,1
DA:18,1
DA:19,1
LF:8
LH:8
BRDA:15,0,0,1
BRF:1
BRH:1
end_of_record
TN:
SF:src/modules/Threats/services/UpdateThreatHeroService.ts
FN:7,(anonymous_17)
FN:8,UpdatethreatHeroService
FN:14,(anonymous_19)
FNF:3
FNH:3
FNDA:1,(anonymous_17)
FNDA:1,UpdatethreatHeroService
FNDA:1,(anonymous_19)
DA:2,1
DA:7,1
DA:10,1
DA:12,1
DA:14,1
DA:15,1
DA:16,1
DA:18,1
DA:22,1
DA:24,1
DA:28,1
DA:29,1
DA:30,2
DA:31,1
DA:33,1
DA:35,1
LF:16
LH:16
BRDA:18,0,0,1
BRF:1
BRH:1
end_of_record
TN:
SF:src/modules/Users/services/AuthenticationUserService.ts
FN:18,(anonymous_18)
FN:19,AuthenticateUserService
FN:24,(anonymous_20)
FNF:3
FNH:3
FNDA:1,(anonymous_18)
FNDA:2,AuthenticateUserService
FNDA:2,(anonymous_20)
DA:1,1
DA:2,1
DA:3,1
DA:4,1
DA:18,1
DA:21,2
DA:24,1
DA:25,2
DA:26,2
DA:28,2
DA:30,2
DA:31,0
DA:34,2
DA:35,2
DA:36,2
DA:39,0
DA:40,0
DA:45,0
DA:47,1
DA:48,1
LF:20
LH:16
BRDA:28,0,0,2
BRDA:30,1,0,0
BRDA:30,1,1,2
BRDA:35,2,0,2
BRDA:35,2,1,0
BRF:5
BRH:3
end_of_record
TN:
SF:src/modules/Users/services/CreateuserService.ts
FN:8,(anonymous_17)
FN:9,CreateUserService
FN:14,(anonymous_19)
FNF:3
FNH:3
FNDA:1,(anonymous_17)
FNDA:2,CreateUserService
FNDA:3,(anonymous_19)
DA:1,1
DA:2,1
DA:8,1
DA:11,2
DA:14,1
DA:15,3
DA:16,3
DA:17,3
DA:19,3
DA:21,3
DA:22,1
DA:24,2
DA:26,2
DA:32,2
DA:33,2
DA:35,1
DA:37,1
LF:17
LH:17
BRDA:19,0,0,3
BRDA:21,1,0,1
BRDA:21,1,1,2
BRF:3
BRH:3
end_of_record
